#
# There is insufficient memory for the Java Runtime Environment to continue.
# Native memory allocation (mmap) failed to map 266338304 bytes for Failed to commit area from 0x0000000702a00000 to 0x0000000712800000 of length 266338304.
# Possible reasons:
#   The system is out of physical RAM or swap space
#   The process is running with CompressedOops enabled, and the Java Heap may be blocking the growth of the native heap
# Possible solutions:
#   Reduce memory load on the system
#   Increase physical memory or swap space
#   Check if swap backing store is full
#   Decrease Java heap size (-Xmx/-Xms)
#   Decrease number of Java threads
#   Decrease Java thread stack sizes (-Xss)
#   Set larger code cache with -XX:ReservedCodeCacheSize=
# This output file may be truncated or incomplete.
#
#  Out of Memory Error (t:/workspace/open/src/hotspot/os/windows/os_windows.cpp:3269), pid=79344, tid=45892
#
# JRE version:  (11.0+28) (build )
# Java VM: OpenJDK 64-Bit Server VM (11+28, mixed mode, aot, sharing, tiered, compressed oops, g1 gc, windows-amd64)
# No core dump will be written. Minidumps are not enabled by default on client versions of Windows
#

---------------  S U M M A R Y ------------

Command Line: -Dfile.encoding=windows-1251 -Duser.country=RU -Duser.language=ru -Duser.variant com.example.REST.RestApplication

Host: Intel(R) Core(TM) i7-10750H CPU @ 2.60GHz, 12 cores, 15G,  Windows 10 , 64 bit Build 19041 (10.0.19041.2913)
Time: Thu May 25 02:15:13 2023 RTZ 6 (зима) elapsed time: 0 seconds (0d 0h 0m 0s)

---------------  T H R E A D  ---------------

Current thread (0x000001d7a985a000):  JavaThread "Unknown thread" [_thread_in_vm, id=45892, stack(0x0000005b68500000,0x0000005b68600000)]

Stack: [0x0000005b68500000,0x0000005b68600000]
Native frames: (J=compiled Java code, j=interpreted, Vv=VM code, C=native code)
V  [jvm.dll+0x63adaa]
V  [jvm.dll+0x77852f]
V  [jvm.dll+0x779b18]
V  [jvm.dll+0x77a1d3]
V  [jvm.dll+0x2624c8]
V  [jvm.dll+0x63825a]
V  [jvm.dll+0x62cb15]
V  [jvm.dll+0x31563c]
V  [jvm.dll+0x3154c2]
V  [jvm.dll+0x31ad36]
V  [jvm.dll+0x36726f]
V  [jvm.dll+0x366c90]
V  [jvm.dll+0x2f2378]
V  [jvm.dll+0x2f34d6]
V  [jvm.dll+0x7517d7]
V  [jvm.dll+0x752f1f]
V  [jvm.dll+0x374099]
V  [jvm.dll+0x738059]
V  [jvm.dll+0x3e35fd]
V  [jvm.dll+0x3e5961]
C  [java.exe+0x3603]
C  [java.exe+0x1746c]
C  [KERNEL32.DLL+0x17614]
C  [ntdll.dll+0x526a1]


---------------  P R O C E S S  ---------------

Threads class SMR info:
_java_thread_list=0x000001d7a7512e20, length=0, elements={
}

Java Threads: ( => current thread )

Other Threads:
  0x000001d7a9873000 GCTaskThread "GC Thread#0" [stack: 0x0000005b68600000,0x0000005b68700000] [id=147668]
  0x000001d7a98d3800 ConcurrentGCThread "G1 Main Marker" [stack: 0x0000005b68700000,0x0000005b68800000] [id=8712]
  0x000001d7a98d5000 ConcurrentGCThread "G1 Conc#0" [stack: 0x0000005b68800000,0x0000005b68900000] [id=149304]

[error occurred during error reporting (printing all threads), id 0xc0000005, EXCEPTION_ACCESS_VIOLATION (0xc0000005) at pc=0x00007ff91f5f0d37]

VM state:not at safepoint (not fully initialized)

VM Mutex/Monitor currently owned by a thread:  ([mutex/lock_event])
[0x000001d7a98576f0] Heap_lock - owner thread: 0x000001d7a985a000

Heap address: 0x0000000702a00000, size: 4054 MB, Compressed Oops mode: Non-zero based: 0x0000000702a00000
Narrow klass base: 0x0000000000000000, Narrow klass shift: 0

GC Heap History (0 events):
No events

Deoptimization events (0 events):
No events

Classes redefined (0 events):
No events

Internal exceptions (0 events):
No events

Events (0 events):
No events


Dynamic libraries:
0x00007ff6e3900000 - 0x00007ff6e3945000 	A:\Programming\Java\JDK\jdk-11\bin\java.exe
0x00007ff96fd30000 - 0x00007ff96ff28000 	C:\Windows\SYSTEM32\ntdll.dll
0x00007ff96fc30000 - 0x00007ff96fcef000 	C:\Windows\System32\KERNEL32.DLL
0x00007ff96d650000 - 0x00007ff96d946000 	C:\Windows\System32\KERNELBASE.dll
0x00007ff96f030000 - 0x00007ff96f1cd000 	C:\Windows\System32\USER32.dll
0x00007ff96d950000 - 0x00007ff96d972000 	C:\Windows\System32\win32u.dll
0x00007ff96ec10000 - 0x00007ff96ec3c000 	C:\Windows\System32\GDI32.dll
0x00007ff96dad0000 - 0x00007ff96dbe5000 	C:\Windows\System32\gdi32full.dll
0x00007ff96dcf0000 - 0x00007ff96dd8d000 	C:\Windows\System32\msvcp_win.dll
0x00007ff96dbf0000 - 0x00007ff96dcf0000 	C:\Windows\System32\ucrtbase.dll
0x00007ff95c7e0000 - 0x00007ff95ca7a000 	C:\Windows\WinSxS\amd64_microsoft.windows.common-controls_6595b64144ccf1df_6.0.19041.1110_none_60b5254171f9507e\COMCTL32.dll
0x00007ff96fa00000 - 0x00007ff96fa9e000 	C:\Windows\System32\msvcrt.dll
0x00007ff96f710000 - 0x00007ff96f740000 	C:\Windows\System32\IMM32.DLL
0x0000000075b90000 - 0x0000000075b9c000 	C:\Program Files (x86)\360\Total Security\safemon\SafeWrapper.dll
0x00007ff96f570000 - 0x00007ff96f61f000 	C:\Windows\System32\ADVAPI32.dll
0x00007ff96f740000 - 0x00007ff96f7dc000 	C:\Windows\System32\sechost.dll
0x00007ff96fb00000 - 0x00007ff96fc26000 	C:\Windows\System32\RPCRT4.dll
0x00007ff954110000 - 0x00007ff9541a2000 	C:\Program Files (x86)\360\Total Security\safemon\libzdtp64.dll
0x00007ff96dd90000 - 0x00007ff96e4d4000 	C:\Windows\System32\SHELL32.dll
0x00007ff96e5c0000 - 0x00007ff96e615000 	C:\Windows\System32\SHLWAPI.dll
0x00007ff96cfa0000 - 0x00007ff96cfaa000 	C:\Windows\SYSTEM32\VERSION.dll
0x00007ff968520000 - 0x00007ff968536000 	A:\Programming\Java\JDK\jdk-11\bin\vcruntime140.dll
0x00007ff94ddd0000 - 0x00007ff94de7a000 	A:\Programming\Java\JDK\jdk-11\bin\msvcp140.dll
0x00007ff91f2f0000 - 0x00007ff91fe31000 	A:\Programming\Java\JDK\jdk-11\bin\server\jvm.dll
0x00007ff96f6a0000 - 0x00007ff96f6a8000 	C:\Windows\System32\PSAPI.DLL
0x00007ff9576e0000 - 0x00007ff9576e9000 	C:\Windows\SYSTEM32\WSOCK32.dll
0x00007ff96f630000 - 0x00007ff96f69b000 	C:\Windows\System32\WS2_32.dll
0x00007ff95f600000 - 0x00007ff95f627000 	C:\Windows\SYSTEM32\WINMM.dll
0x00007ff96bbb0000 - 0x00007ff96bbc2000 	C:\Windows\SYSTEM32\kernel.appcore.dll
0x00007ff968320000 - 0x00007ff968331000 	A:\Programming\Java\JDK\jdk-11\bin\verify.dll
0x00007ff96b8d0000 - 0x00007ff96bab4000 	C:\Windows\SYSTEM32\DBGHELP.DLL
0x00007ff966490000 - 0x00007ff9664c4000 	C:\Windows\SYSTEM32\dbgcore.DLL
0x00007ff96d5c0000 - 0x00007ff96d642000 	C:\Windows\System32\bcryptPrimitives.dll
0x00007ff967020000 - 0x00007ff967048000 	A:\Programming\Java\JDK\jdk-11\bin\java.dll
0x00007ff967d00000 - 0x00007ff967d16000 	A:\Programming\Java\JDK\jdk-11\bin\zip.dll
0x00007ff968510000 - 0x00007ff96851a000 	A:\Programming\Java\JDK\jdk-11\bin\jimage.dll

dbghelp: loaded successfully - version: 4.0.5 - missing functions: none
symbol engine: initialized successfully - sym options: 0x614 - pdb path: .;A:\Programming\Java\JDK\jdk-11\bin;C:\Windows\SYSTEM32;C:\Windows\WinSxS\amd64_microsoft.windows.common-controls_6595b64144ccf1df_6.0.19041.1110_none_60b5254171f9507e;C:\Program Files (x86)\360\Total Security\safemon;A:\Programming\Java\JDK\jdk-11\bin\server

VM Arguments:
jvm_args: -Dfile.encoding=windows-1251 -Duser.country=RU -Duser.language=ru -Duser.variant 
java_command: com.example.REST.RestApplication
java_class_path (initial): A:\Java\REST\build\classes\java\main;A:\Java\REST\build\resources\main;C:\Users\User\.gradle\caches\modules-2\files-2.1\org.springframework.boot\spring-boot-devtools\2.7.6\1ab93f24fe923d1b27b78ca77997886bfcce2e46\spring-boot-devtools-2.7.6.jar;C:\Users\User\.gradle\caches\modules-2\files-2.1\org.springframework.boot\spring-boot-starter-web\2.7.6\9d0166a0390df593243bdc798ca7a1db20ddea9c\spring-boot-starter-web-2.7.6.jar;C:\Users\User\.gradle\caches\modules-2\files-2.1\org.springframework.boot\spring-boot-starter-data-jpa\2.7.6\7eef599012347f2fb7f84ba71eba10caf094dfb5\spring-boot-starter-data-jpa-2.7.6.jar;C:\Users\User\.gradle\caches\modules-2\files-2.1\io.jsonwebtoken\jjwt-impl\0.11.2\8fd8acf9d3cb9a2db05bfa484c2a1408cc3507f9\jjwt-impl-0.11.2.jar;C:\Users\User\.gradle\caches\modules-2\files-2.1\io.jsonwebtoken\jjwt-jackson\0.11.2\bff0b63d4cbace7b38551a70350875e69201ffeb\jjwt-jackson-0.11.2.jar;C:\Users\User\.gradle\caches\modules-2\files-2.1\io.jsonwebtoken\jjwt-api\0.11.2\57c34dce3e88f2972c5c5465b6291acfb5628084\jjwt-api-0.11.2.jar;C:\Users\User\.gradle\caches\modules-2\files-2.1\org.springframework.boot\spring-boot-starter-security\2.7.6\2718e4587f4271468ba20da8b4fd8195c798fb88\spring-boot-starter-security-2.7.6.jar;C:\Users\User\.gradle\caches\modules-2\files-2.1\com.auth0\java-jwt\3.11.0\5ec5eb9ffec6c5bba4e836ad955491fec2925aad\java-jwt-3.11.0.jar;C:\Users\User\.gradle\caches\modules-2\files-2.1\org.apache.commons\commons-lang3\3.0\8873bd0bb5cb9ee37f1b04578eb7e26fcdd44cb0\commons-lang3-3.0.jar;C:\Users\User\.gradle\caches\modules-2\files-2.1\org.postgresql\postgresql\42.3.8\d81533a6ff4376590f9ce7ba74b8f3723066f25c\postgresql-42.3.8.jar;C:\Users\User\.gradle\caches\modules-2\files-2.1\org.springframework.boot\spring-boot-starter-json\2.7.6\77017e2aa78224c3fa10444d659c2ce8765b910\spring-boot-starter-json-2.7.6.jar;C:\Users\User\.gradle\caches\modules-2\files-2.1\org.springframework.boot\spring-boot-starter-aop\2.7.6\23061de1832242610092
Launcher Type: SUN_STANDARD

[Global flags]
     intx CICompilerCount                          = 4                                         {product} {ergonomic}
     uint ConcGCThreads                            = 3                                         {product} {ergonomic}
     uint G1ConcRefinementThreads                  = 10                                        {product} {ergonomic}
   size_t G1HeapRegionSize                         = 1048576                                   {product} {ergonomic}
    uintx GCDrainStackTargetSize                   = 64                                        {product} {ergonomic}
   size_t InitialHeapSize                          = 266338304                                 {product} {ergonomic}
   size_t MarkStackSize                            = 4194304                                   {product} {ergonomic}
   size_t MaxHeapSize                              = 4250927104                                {product} {ergonomic}
   size_t MinHeapDeltaBytes                        = 1048576                                   {product} {ergonomic}
    uintx NonNMethodCodeHeapSize                   = 5835340                                {pd product} {ergonomic}
    uintx NonProfiledCodeHeapSize                  = 122911450                              {pd product} {ergonomic}
    uintx ProfiledCodeHeapSize                     = 122911450                              {pd product} {ergonomic}
    uintx ReservedCodeCacheSize                    = 251658240                              {pd product} {ergonomic}
     bool SegmentedCodeCache                       = true                                      {product} {ergonomic}
     bool UseCompressedClassPointers               = true                                 {lp64_product} {ergonomic}
     bool UseCompressedOops                        = true                                 {lp64_product} {ergonomic}
     bool UseG1GC                                  = true                                      {product} {ergonomic}
     bool UseLargePagesIndividualAllocation        = false                                  {pd product} {ergonomic}

Logging:
Log output configuration:
 #0: stdout all=warning uptime,level,tags
 #1: stderr all=off uptime,level,tags

Environment Variables:
PATH=A:\Oracle\21c\dbhomeXE\bin;C:\Program Files (x86)\Common Files\Oracle\Java\javapath;C:\Windows\system32;C:\Windows;C:\Windows\System32\Wbem;C:\Windows\System32\WindowsPowerShell\v1.0\;C:\Windows\System32\OpenSSH\;C:\Program Files (x86)\NVIDIA Corporation\PhysX\Common;C:\Program Files\Cloudflare\Cloudflare WARP\;C:\Program Files\Git\cmd;A:\Programs\XAMPP\php;C:\ProgramData\ComposerSetup\bin;C:\Program Files\Microsoft SQL Server\150\Tools\Binn\;C:\Program Files\dotnet\;C:\Program Files\nodejs\;C:\Program Files\Docker\Docker\resources\bin;C:\Users\User\AppData\Local\Programs\Python\Python310\Scripts\;C:\Users\User\AppData\Local\Programs\Python\Python310\;C:\Users\User\AppData\Local\Microsoft\WindowsApps;A:\Programming\SDK\flutter\bin;A:\Programs\Microsoft VS Code\bin;A:\Programs\PhpStorm 2021.1.1\bin;;C:\Users\User\AppData\Roaming\Composer\vendor\bin;C:\Users\User\AppData\Local\GitHubDesktop\bin;A:\Programs\IntelliJ IDEA Community Edition 2022.3\bin;;C:\Users\User\.dotnet\tools;C:\Users\User\AppData\Roaming\npm
USERNAME=User
OS=Windows_NT
PROCESSOR_IDENTIFIER=Intel64 Family 6 Model 165 Stepping 2, GenuineIntel



---------------  S Y S T E M  ---------------

OS: Windows 10 , 64 bit Build 19041 (10.0.19041.2913)

CPU:total 12 (initial active 12) (6 cores per cpu, 2 threads per core) family 6 model 165 stepping 2, cmov, cx8, fxsr, mmx, sse, sse2, sse3, ssse3, sse4.1, sse4.2, popcnt, avx, avx2, aes, clmul, erms, 3dnowpref, lzcnt, ht, tsc, tscinvbit, bmi1, bmi2, adx, fma

Memory: 4k page, system-wide physical 16215M (574M free)
TotalPageFile size 29524M (AvailPageFile size 125M)
current process WorkingSet (physical memory assigned to process): 11M, peak: 11M
current process commit charge ("private bytes"): 65M, peak: 319M

vm_info: OpenJDK 64-Bit Server VM (11+28) for windows-amd64 JRE (11+28), built on Aug 23 2018 03:04:58 by "mach5one" with MS VC++ 15.5 (VS2017)

END.
